INFO - 2023-07-08 01:24:19 --> Session: Class initialized using 'CodeIgniter\Session\Handlers\FileHandler' driver.
INFO - 2023-07-08 01:39:35 --> Session: Class initialized using 'CodeIgniter\Session\Handlers\FileHandler' driver.
INFO - 2023-07-08 02:36:30 --> Session: Class initialized using 'CodeIgniter\Session\Handlers\FileHandler' driver.
INFO - 2023-07-08 02:36:32 --> Session: Class initialized using 'CodeIgniter\Session\Handlers\FileHandler' driver.
INFO - 2023-07-08 09:04:35 --> Session: Class initialized using 'CodeIgniter\Session\Handlers\FileHandler' driver.
INFO - 2023-07-08 09:08:30 --> Session: Class initialized using 'CodeIgniter\Session\Handlers\FileHandler' driver.
INFO - 2023-07-08 09:08:38 --> Session: Class initialized using 'CodeIgniter\Session\Handlers\FileHandler' driver.
INFO - 2023-07-08 09:09:59 --> Session: Class initialized using 'CodeIgniter\Session\Handlers\FileHandler' driver.
INFO - 2023-07-08 09:10:29 --> Session: Class initialized using 'CodeIgniter\Session\Handlers\FileHandler' driver.
INFO - 2023-07-08 09:10:29 --> Session: Class initialized using 'CodeIgniter\Session\Handlers\FileHandler' driver.
INFO - 2023-07-08 09:10:34 --> Session: Class initialized using 'CodeIgniter\Session\Handlers\FileHandler' driver.
INFO - 2023-07-08 09:10:34 --> Session: Class initialized using 'CodeIgniter\Session\Handlers\FileHandler' driver.
INFO - 2023-07-08 09:12:02 --> Session: Class initialized using 'CodeIgniter\Session\Handlers\FileHandler' driver.
INFO - 2023-07-08 09:12:05 --> Session: Class initialized using 'CodeIgniter\Session\Handlers\FileHandler' driver.
INFO - 2023-07-08 09:12:06 --> Session: Class initialized using 'CodeIgniter\Session\Handlers\FileHandler' driver.
INFO - 2023-07-08 09:13:46 --> Session: Class initialized using 'CodeIgniter\Session\Handlers\FileHandler' driver.
INFO - 2023-07-08 09:13:46 --> Session: Class initialized using 'CodeIgniter\Session\Handlers\FileHandler' driver.
INFO - 2023-07-08 09:13:53 --> Session: Class initialized using 'CodeIgniter\Session\Handlers\FileHandler' driver.
INFO - 2023-07-08 09:13:54 --> Session: Class initialized using 'CodeIgniter\Session\Handlers\FileHandler' driver.
INFO - 2023-07-08 09:13:56 --> Session: Class initialized using 'CodeIgniter\Session\Handlers\FileHandler' driver.
CRITICAL - 2023-07-08 09:13:59 --> Invalid file: "user/register.php"
in SYSTEMPATH\Exceptions\FrameworkException.php on line 33.
 1 SYSTEMPATH\View\View.php(212): CodeIgniter\Exceptions\FrameworkException::forInvalidFile('user/register.php')
 2 SYSTEMPATH\Common.php(1180): CodeIgniter\View\View->render('user/register', [], true)
 3 APPPATH\Controllers\user\AuthController.php(99): view('user/register')
 4 SYSTEMPATH\CodeIgniter.php(932): App\Controllers\User\AuthController->register()
 5 SYSTEMPATH\CodeIgniter.php(497): CodeIgniter\CodeIgniter->runController(Object(App\Controllers\User\AuthController))
 6 SYSTEMPATH\CodeIgniter.php(366): CodeIgniter\CodeIgniter->handleRequest(null, Object(Config\Cache), false)
 7 FCPATH\index.php(67): CodeIgniter\CodeIgniter->run()
 8 SYSTEMPATH\Commands\Server\rewrite.php(47): require_once('C:\\xampp\\htdocs\\new-peminjaman-ruangan\\public\\index.php')
INFO - 2023-07-08 09:14:31 --> Session: Class initialized using 'CodeIgniter\Session\Handlers\FileHandler' driver.
INFO - 2023-07-08 09:18:23 --> Session: Class initialized using 'CodeIgniter\Session\Handlers\FileHandler' driver.
ERROR - 2023-07-08 09:18:35 --> mysqli_sql_exception: Table 'peminjaman_ruangan.users' doesn't exist in C:\xampp\htdocs\new-peminjaman-ruangan\system\Database\MySQLi\Connection.php:295
Stack trace:
#0 C:\xampp\htdocs\new-peminjaman-ruangan\system\Database\MySQLi\Connection.php(295): mysqli->query('SELECT 1\nFROM `...', 0)
#1 C:\xampp\htdocs\new-peminjaman-ruangan\system\Database\BaseConnection.php(692): CodeIgniter\Database\MySQLi\Connection->execute('SELECT 1\nFROM `...')
#2 C:\xampp\htdocs\new-peminjaman-ruangan\system\Database\BaseConnection.php(606): CodeIgniter\Database\BaseConnection->simpleQuery('SELECT 1\nFROM `...')
#3 C:\xampp\htdocs\new-peminjaman-ruangan\system\Database\BaseBuilder.php(1616): CodeIgniter\Database\BaseConnection->query('SELECT 1\nFROM `...', Array, false)
#4 C:\xampp\htdocs\new-peminjaman-ruangan\system\Validation\StrictRules\Rules.php(206): CodeIgniter\Database\BaseBuilder->get()
#5 C:\xampp\htdocs\new-peminjaman-ruangan\system\Validation\Validation.php(278): CodeIgniter\Validation\StrictRules\Rules->is_unique('admin@email.com', 'email', Array, NULL, 'email')
#6 C:\xampp\htdocs\new-peminjaman-ruangan\system\Validation\Validation.php(182): CodeIgniter\Validation\Validation->processRules('email', 'email', 'admin@email.com', Array, Array)
#7 C:\xampp\htdocs\new-peminjaman-ruangan\system\Controller.php(140): CodeIgniter\Validation\Validation->run()
#8 C:\xampp\htdocs\new-peminjaman-ruangan\app\Controllers\user\AuthController.php(73): CodeIgniter\Controller->validate(Array)
#9 C:\xampp\htdocs\new-peminjaman-ruangan\system\CodeIgniter.php(932): App\Controllers\User\AuthController->register()
#10 C:\xampp\htdocs\new-peminjaman-ruangan\system\CodeIgniter.php(497): CodeIgniter\CodeIgniter->runController(Object(App\Controllers\User\AuthController))
#11 C:\xampp\htdocs\new-peminjaman-ruangan\system\CodeIgniter.php(366): CodeIgniter\CodeIgniter->handleRequest(NULL, Object(Config\Cache), false)
#12 C:\xampp\htdocs\new-peminjaman-ruangan\public\index.php(67): CodeIgniter\CodeIgniter->run()
#13 C:\xampp\htdocs\new-peminjaman-ruangan\system\Commands\Server\rewrite.php(47): require_once('C:\\xampp\\htdocs...')
#14 {main}
CRITICAL - 2023-07-08 09:18:35 --> Table 'peminjaman_ruangan.users' doesn't exist
in SYSTEMPATH\Database\MySQLi\Connection.php on line 295.
 1 SYSTEMPATH\Database\MySQLi\Connection.php(295): mysqli->query('SELECT 1
FROM `users`
WHERE `email` = \'admin@email.com\'
 LIMIT 1', 0)
 2 SYSTEMPATH\Database\BaseConnection.php(692): CodeIgniter\Database\MySQLi\Connection->execute('SELECT 1
FROM `users`
WHERE `email` = \'admin@email.com\'
 LIMIT 1')
 3 SYSTEMPATH\Database\BaseConnection.php(606): CodeIgniter\Database\BaseConnection->simpleQuery('SELECT 1
FROM `users`
WHERE `email` = \'admin@email.com\'
 LIMIT 1')
 4 SYSTEMPATH\Database\BaseBuilder.php(1616): CodeIgniter\Database\BaseConnection->query('SELECT 1
FROM `users`
WHERE `email` = :email:
 LIMIT 1', [...], false)
 5 SYSTEMPATH\Validation\StrictRules\Rules.php(206): CodeIgniter\Database\BaseBuilder->get()
 6 SYSTEMPATH\Validation\Validation.php(278): CodeIgniter\Validation\StrictRules\Rules->is_unique('admin@email.com', 'email', [...], null, 'email')
 7 SYSTEMPATH\Validation\Validation.php(182): CodeIgniter\Validation\Validation->processRules('email', 'email', 'admin@email.com', [...], [...])
 8 SYSTEMPATH\Controller.php(140): CodeIgniter\Validation\Validation->run()
 9 APPPATH\Controllers\user\AuthController.php(73): CodeIgniter\Controller->validate([...])
10 SYSTEMPATH\CodeIgniter.php(932): App\Controllers\User\AuthController->register()
11 SYSTEMPATH\CodeIgniter.php(497): CodeIgniter\CodeIgniter->runController(Object(App\Controllers\User\AuthController))
12 SYSTEMPATH\CodeIgniter.php(366): CodeIgniter\CodeIgniter->handleRequest(null, Object(Config\Cache), false)
13 FCPATH\index.php(67): CodeIgniter\CodeIgniter->run()
14 SYSTEMPATH\Commands\Server\rewrite.php(47): require_once('C:\\xampp\\htdocs\\new-peminjaman-ruangan\\public\\index.php')
ERROR - 2023-07-08 09:21:59 --> mysqli_sql_exception: Table 'peminjaman_ruangan.users' doesn't exist in C:\xampp\htdocs\new-peminjaman-ruangan\system\Database\MySQLi\Connection.php:295
Stack trace:
#0 C:\xampp\htdocs\new-peminjaman-ruangan\system\Database\MySQLi\Connection.php(295): mysqli->query('SELECT 1\nFROM `...', 0)
#1 C:\xampp\htdocs\new-peminjaman-ruangan\system\Database\BaseConnection.php(692): CodeIgniter\Database\MySQLi\Connection->execute('SELECT 1\nFROM `...')
#2 C:\xampp\htdocs\new-peminjaman-ruangan\system\Database\BaseConnection.php(606): CodeIgniter\Database\BaseConnection->simpleQuery('SELECT 1\nFROM `...')
#3 C:\xampp\htdocs\new-peminjaman-ruangan\system\Database\BaseBuilder.php(1616): CodeIgniter\Database\BaseConnection->query('SELECT 1\nFROM `...', Array, false)
#4 C:\xampp\htdocs\new-peminjaman-ruangan\system\Validation\StrictRules\Rules.php(206): CodeIgniter\Database\BaseBuilder->get()
#5 C:\xampp\htdocs\new-peminjaman-ruangan\system\Validation\Validation.php(278): CodeIgniter\Validation\StrictRules\Rules->is_unique('jisung@gmail.co...', 'email', Array, NULL, 'email')
#6 C:\xampp\htdocs\new-peminjaman-ruangan\system\Validation\Validation.php(182): CodeIgniter\Validation\Validation->processRules('email', 'email', 'jisung@gmail.co...', Array, Array)
#7 C:\xampp\htdocs\new-peminjaman-ruangan\system\Controller.php(140): CodeIgniter\Validation\Validation->run()
#8 C:\xampp\htdocs\new-peminjaman-ruangan\app\Controllers\user\AuthController.php(73): CodeIgniter\Controller->validate(Array)
#9 C:\xampp\htdocs\new-peminjaman-ruangan\system\CodeIgniter.php(932): App\Controllers\User\AuthController->register()
#10 C:\xampp\htdocs\new-peminjaman-ruangan\system\CodeIgniter.php(497): CodeIgniter\CodeIgniter->runController(Object(App\Controllers\User\AuthController))
#11 C:\xampp\htdocs\new-peminjaman-ruangan\system\CodeIgniter.php(366): CodeIgniter\CodeIgniter->handleRequest(NULL, Object(Config\Cache), false)
#12 C:\xampp\htdocs\new-peminjaman-ruangan\public\index.php(67): CodeIgniter\CodeIgniter->run()
#13 C:\xampp\htdocs\new-peminjaman-ruangan\system\Commands\Server\rewrite.php(47): require_once('C:\\xampp\\htdocs...')
#14 {main}
CRITICAL - 2023-07-08 09:21:59 --> Table 'peminjaman_ruangan.users' doesn't exist
in SYSTEMPATH\Database\MySQLi\Connection.php on line 295.
 1 SYSTEMPATH\Database\MySQLi\Connection.php(295): mysqli->query('SELECT 1
FROM `users`
WHERE `email` = \'jisung@gmail.com\'
 LIMIT 1', 0)
 2 SYSTEMPATH\Database\BaseConnection.php(692): CodeIgniter\Database\MySQLi\Connection->execute('SELECT 1
FROM `users`
WHERE `email` = \'jisung@gmail.com\'
 LIMIT 1')
 3 SYSTEMPATH\Database\BaseConnection.php(606): CodeIgniter\Database\BaseConnection->simpleQuery('SELECT 1
FROM `users`
WHERE `email` = \'jisung@gmail.com\'
 LIMIT 1')
 4 SYSTEMPATH\Database\BaseBuilder.php(1616): CodeIgniter\Database\BaseConnection->query('SELECT 1
FROM `users`
WHERE `email` = :email:
 LIMIT 1', [...], false)
 5 SYSTEMPATH\Validation\StrictRules\Rules.php(206): CodeIgniter\Database\BaseBuilder->get()
 6 SYSTEMPATH\Validation\Validation.php(278): CodeIgniter\Validation\StrictRules\Rules->is_unique('jisung@gmail.com', 'email', [...], null, 'email')
 7 SYSTEMPATH\Validation\Validation.php(182): CodeIgniter\Validation\Validation->processRules('email', 'email', 'jisung@gmail.com', [...], [...])
 8 SYSTEMPATH\Controller.php(140): CodeIgniter\Validation\Validation->run()
 9 APPPATH\Controllers\user\AuthController.php(73): CodeIgniter\Controller->validate([...])
10 SYSTEMPATH\CodeIgniter.php(932): App\Controllers\User\AuthController->register()
11 SYSTEMPATH\CodeIgniter.php(497): CodeIgniter\CodeIgniter->runController(Object(App\Controllers\User\AuthController))
12 SYSTEMPATH\CodeIgniter.php(366): CodeIgniter\CodeIgniter->handleRequest(null, Object(Config\Cache), false)
13 FCPATH\index.php(67): CodeIgniter\CodeIgniter->run()
14 SYSTEMPATH\Commands\Server\rewrite.php(47): require_once('C:\\xampp\\htdocs\\new-peminjaman-ruangan\\public\\index.php')
ERROR - 2023-07-08 09:22:56 --> mysqli_sql_exception: Table 'peminjaman_ruangan.users' doesn't exist in C:\xampp\htdocs\new-peminjaman-ruangan\system\Database\MySQLi\Connection.php:295
Stack trace:
#0 C:\xampp\htdocs\new-peminjaman-ruangan\system\Database\MySQLi\Connection.php(295): mysqli->query('SELECT 1\nFROM `...', 0)
#1 C:\xampp\htdocs\new-peminjaman-ruangan\system\Database\BaseConnection.php(692): CodeIgniter\Database\MySQLi\Connection->execute('SELECT 1\nFROM `...')
#2 C:\xampp\htdocs\new-peminjaman-ruangan\system\Database\BaseConnection.php(606): CodeIgniter\Database\BaseConnection->simpleQuery('SELECT 1\nFROM `...')
#3 C:\xampp\htdocs\new-peminjaman-ruangan\system\Database\BaseBuilder.php(1616): CodeIgniter\Database\BaseConnection->query('SELECT 1\nFROM `...', Array, false)
#4 C:\xampp\htdocs\new-peminjaman-ruangan\system\Validation\StrictRules\Rules.php(206): CodeIgniter\Database\BaseBuilder->get()
#5 C:\xampp\htdocs\new-peminjaman-ruangan\system\Validation\Validation.php(278): CodeIgniter\Validation\StrictRules\Rules->is_unique('jisung@gmail.co...', 'email', Array, NULL, 'email')
#6 C:\xampp\htdocs\new-peminjaman-ruangan\system\Validation\Validation.php(182): CodeIgniter\Validation\Validation->processRules('email', 'email', 'jisung@gmail.co...', Array, Array)
#7 C:\xampp\htdocs\new-peminjaman-ruangan\system\Controller.php(140): CodeIgniter\Validation\Validation->run()
#8 C:\xampp\htdocs\new-peminjaman-ruangan\app\Controllers\user\AuthController.php(73): CodeIgniter\Controller->validate(Array)
#9 C:\xampp\htdocs\new-peminjaman-ruangan\system\CodeIgniter.php(932): App\Controllers\User\AuthController->register()
#10 C:\xampp\htdocs\new-peminjaman-ruangan\system\CodeIgniter.php(497): CodeIgniter\CodeIgniter->runController(Object(App\Controllers\User\AuthController))
#11 C:\xampp\htdocs\new-peminjaman-ruangan\system\CodeIgniter.php(366): CodeIgniter\CodeIgniter->handleRequest(NULL, Object(Config\Cache), false)
#12 C:\xampp\htdocs\new-peminjaman-ruangan\public\index.php(67): CodeIgniter\CodeIgniter->run()
#13 C:\xampp\htdocs\new-peminjaman-ruangan\system\Commands\Server\rewrite.php(47): require_once('C:\\xampp\\htdocs...')
#14 {main}
CRITICAL - 2023-07-08 09:22:56 --> Table 'peminjaman_ruangan.users' doesn't exist
in SYSTEMPATH\Database\MySQLi\Connection.php on line 295.
 1 SYSTEMPATH\Database\MySQLi\Connection.php(295): mysqli->query('SELECT 1
FROM `users`
WHERE `email` = \'jisung@gmail.com\'
 LIMIT 1', 0)
 2 SYSTEMPATH\Database\BaseConnection.php(692): CodeIgniter\Database\MySQLi\Connection->execute('SELECT 1
FROM `users`
WHERE `email` = \'jisung@gmail.com\'
 LIMIT 1')
 3 SYSTEMPATH\Database\BaseConnection.php(606): CodeIgniter\Database\BaseConnection->simpleQuery('SELECT 1
FROM `users`
WHERE `email` = \'jisung@gmail.com\'
 LIMIT 1')
 4 SYSTEMPATH\Database\BaseBuilder.php(1616): CodeIgniter\Database\BaseConnection->query('SELECT 1
FROM `users`
WHERE `email` = :email:
 LIMIT 1', [...], false)
 5 SYSTEMPATH\Validation\StrictRules\Rules.php(206): CodeIgniter\Database\BaseBuilder->get()
 6 SYSTEMPATH\Validation\Validation.php(278): CodeIgniter\Validation\StrictRules\Rules->is_unique('jisung@gmail.com', 'email', [...], null, 'email')
 7 SYSTEMPATH\Validation\Validation.php(182): CodeIgniter\Validation\Validation->processRules('email', 'email', 'jisung@gmail.com', [...], [...])
 8 SYSTEMPATH\Controller.php(140): CodeIgniter\Validation\Validation->run()
 9 APPPATH\Controllers\user\AuthController.php(73): CodeIgniter\Controller->validate([...])
10 SYSTEMPATH\CodeIgniter.php(932): App\Controllers\User\AuthController->register()
11 SYSTEMPATH\CodeIgniter.php(497): CodeIgniter\CodeIgniter->runController(Object(App\Controllers\User\AuthController))
12 SYSTEMPATH\CodeIgniter.php(366): CodeIgniter\CodeIgniter->handleRequest(null, Object(Config\Cache), false)
13 FCPATH\index.php(67): CodeIgniter\CodeIgniter->run()
14 SYSTEMPATH\Commands\Server\rewrite.php(47): require_once('C:\\xampp\\htdocs\\new-peminjaman-ruangan\\public\\index.php')
ERROR - 2023-07-08 09:24:07 --> mysqli_sql_exception: Table 'peminjaman_ruangan.users' doesn't exist in C:\xampp\htdocs\new-peminjaman-ruangan\system\Database\MySQLi\Connection.php:295
Stack trace:
#0 C:\xampp\htdocs\new-peminjaman-ruangan\system\Database\MySQLi\Connection.php(295): mysqli->query('SELECT 1\nFROM `...', 0)
#1 C:\xampp\htdocs\new-peminjaman-ruangan\system\Database\BaseConnection.php(692): CodeIgniter\Database\MySQLi\Connection->execute('SELECT 1\nFROM `...')
#2 C:\xampp\htdocs\new-peminjaman-ruangan\system\Database\BaseConnection.php(606): CodeIgniter\Database\BaseConnection->simpleQuery('SELECT 1\nFROM `...')
#3 C:\xampp\htdocs\new-peminjaman-ruangan\system\Database\BaseBuilder.php(1616): CodeIgniter\Database\BaseConnection->query('SELECT 1\nFROM `...', Array, false)
#4 C:\xampp\htdocs\new-peminjaman-ruangan\system\Validation\StrictRules\Rules.php(206): CodeIgniter\Database\BaseBuilder->get()
#5 C:\xampp\htdocs\new-peminjaman-ruangan\system\Validation\Validation.php(278): CodeIgniter\Validation\StrictRules\Rules->is_unique('jisung@gmail.co...', 'email', Array, NULL, 'email')
#6 C:\xampp\htdocs\new-peminjaman-ruangan\system\Validation\Validation.php(182): CodeIgniter\Validation\Validation->processRules('email', 'email', 'jisung@gmail.co...', Array, Array)
#7 C:\xampp\htdocs\new-peminjaman-ruangan\system\Controller.php(140): CodeIgniter\Validation\Validation->run()
#8 C:\xampp\htdocs\new-peminjaman-ruangan\app\Controllers\user\AuthController.php(73): CodeIgniter\Controller->validate(Array)
#9 C:\xampp\htdocs\new-peminjaman-ruangan\system\CodeIgniter.php(932): App\Controllers\User\AuthController->register()
#10 C:\xampp\htdocs\new-peminjaman-ruangan\system\CodeIgniter.php(497): CodeIgniter\CodeIgniter->runController(Object(App\Controllers\User\AuthController))
#11 C:\xampp\htdocs\new-peminjaman-ruangan\system\CodeIgniter.php(366): CodeIgniter\CodeIgniter->handleRequest(NULL, Object(Config\Cache), false)
#12 C:\xampp\htdocs\new-peminjaman-ruangan\public\index.php(67): CodeIgniter\CodeIgniter->run()
#13 C:\xampp\htdocs\new-peminjaman-ruangan\system\Commands\Server\rewrite.php(47): require_once('C:\\xampp\\htdocs...')
#14 {main}
CRITICAL - 2023-07-08 09:24:07 --> Table 'peminjaman_ruangan.users' doesn't exist
in SYSTEMPATH\Database\MySQLi\Connection.php on line 295.
 1 SYSTEMPATH\Database\MySQLi\Connection.php(295): mysqli->query('SELECT 1
FROM `users`
WHERE `email` = \'jisung@gmail.com\'
 LIMIT 1', 0)
 2 SYSTEMPATH\Database\BaseConnection.php(692): CodeIgniter\Database\MySQLi\Connection->execute('SELECT 1
FROM `users`
WHERE `email` = \'jisung@gmail.com\'
 LIMIT 1')
 3 SYSTEMPATH\Database\BaseConnection.php(606): CodeIgniter\Database\BaseConnection->simpleQuery('SELECT 1
FROM `users`
WHERE `email` = \'jisung@gmail.com\'
 LIMIT 1')
 4 SYSTEMPATH\Database\BaseBuilder.php(1616): CodeIgniter\Database\BaseConnection->query('SELECT 1
FROM `users`
WHERE `email` = :email:
 LIMIT 1', [...], false)
 5 SYSTEMPATH\Validation\StrictRules\Rules.php(206): CodeIgniter\Database\BaseBuilder->get()
 6 SYSTEMPATH\Validation\Validation.php(278): CodeIgniter\Validation\StrictRules\Rules->is_unique('jisung@gmail.com', 'email', [...], null, 'email')
 7 SYSTEMPATH\Validation\Validation.php(182): CodeIgniter\Validation\Validation->processRules('email', 'email', 'jisung@gmail.com', [...], [...])
 8 SYSTEMPATH\Controller.php(140): CodeIgniter\Validation\Validation->run()
 9 APPPATH\Controllers\user\AuthController.php(73): CodeIgniter\Controller->validate([...])
10 SYSTEMPATH\CodeIgniter.php(932): App\Controllers\User\AuthController->register()
11 SYSTEMPATH\CodeIgniter.php(497): CodeIgniter\CodeIgniter->runController(Object(App\Controllers\User\AuthController))
12 SYSTEMPATH\CodeIgniter.php(366): CodeIgniter\CodeIgniter->handleRequest(null, Object(Config\Cache), false)
13 FCPATH\index.php(67): CodeIgniter\CodeIgniter->run()
14 SYSTEMPATH\Commands\Server\rewrite.php(47): require_once('C:\\xampp\\htdocs\\new-peminjaman-ruangan\\public\\index.php')
ERROR - 2023-07-08 09:26:46 --> mysqli_sql_exception: Table 'peminjaman_ruangan.users' doesn't exist in C:\xampp\htdocs\new-peminjaman-ruangan\system\Database\MySQLi\Connection.php:295
Stack trace:
#0 C:\xampp\htdocs\new-peminjaman-ruangan\system\Database\MySQLi\Connection.php(295): mysqli->query('SELECT 1\nFROM `...', 0)
#1 C:\xampp\htdocs\new-peminjaman-ruangan\system\Database\BaseConnection.php(692): CodeIgniter\Database\MySQLi\Connection->execute('SELECT 1\nFROM `...')
#2 C:\xampp\htdocs\new-peminjaman-ruangan\system\Database\BaseConnection.php(606): CodeIgniter\Database\BaseConnection->simpleQuery('SELECT 1\nFROM `...')
#3 C:\xampp\htdocs\new-peminjaman-ruangan\system\Database\BaseBuilder.php(1616): CodeIgniter\Database\BaseConnection->query('SELECT 1\nFROM `...', Array, false)
#4 C:\xampp\htdocs\new-peminjaman-ruangan\system\Validation\StrictRules\Rules.php(206): CodeIgniter\Database\BaseBuilder->get()
#5 C:\xampp\htdocs\new-peminjaman-ruangan\system\Validation\Validation.php(278): CodeIgniter\Validation\StrictRules\Rules->is_unique('admin@email.com', 'email', Array, NULL, 'email')
#6 C:\xampp\htdocs\new-peminjaman-ruangan\system\Validation\Validation.php(182): CodeIgniter\Validation\Validation->processRules('email', 'email', 'admin@email.com', Array, Array)
#7 C:\xampp\htdocs\new-peminjaman-ruangan\system\Controller.php(140): CodeIgniter\Validation\Validation->run()
#8 C:\xampp\htdocs\new-peminjaman-ruangan\app\Controllers\user\AuthController.php(73): CodeIgniter\Controller->validate(Array)
#9 C:\xampp\htdocs\new-peminjaman-ruangan\system\CodeIgniter.php(932): App\Controllers\User\AuthController->register()
#10 C:\xampp\htdocs\new-peminjaman-ruangan\system\CodeIgniter.php(497): CodeIgniter\CodeIgniter->runController(Object(App\Controllers\User\AuthController))
#11 C:\xampp\htdocs\new-peminjaman-ruangan\system\CodeIgniter.php(366): CodeIgniter\CodeIgniter->handleRequest(NULL, Object(Config\Cache), false)
#12 C:\xampp\htdocs\new-peminjaman-ruangan\public\index.php(67): CodeIgniter\CodeIgniter->run()
#13 C:\xampp\htdocs\new-peminjaman-ruangan\system\Commands\Server\rewrite.php(47): require_once('C:\\xampp\\htdocs...')
#14 {main}
CRITICAL - 2023-07-08 09:26:46 --> Table 'peminjaman_ruangan.users' doesn't exist
in SYSTEMPATH\Database\MySQLi\Connection.php on line 295.
 1 SYSTEMPATH\Database\MySQLi\Connection.php(295): mysqli->query('SELECT 1
FROM `users`
WHERE `email` = \'admin@email.com\'
 LIMIT 1', 0)
 2 SYSTEMPATH\Database\BaseConnection.php(692): CodeIgniter\Database\MySQLi\Connection->execute('SELECT 1
FROM `users`
WHERE `email` = \'admin@email.com\'
 LIMIT 1')
 3 SYSTEMPATH\Database\BaseConnection.php(606): CodeIgniter\Database\BaseConnection->simpleQuery('SELECT 1
FROM `users`
WHERE `email` = \'admin@email.com\'
 LIMIT 1')
 4 SYSTEMPATH\Database\BaseBuilder.php(1616): CodeIgniter\Database\BaseConnection->query('SELECT 1
FROM `users`
WHERE `email` = :email:
 LIMIT 1', [...], false)
 5 SYSTEMPATH\Validation\StrictRules\Rules.php(206): CodeIgniter\Database\BaseBuilder->get()
 6 SYSTEMPATH\Validation\Validation.php(278): CodeIgniter\Validation\StrictRules\Rules->is_unique('admin@email.com', 'email', [...], null, 'email')
 7 SYSTEMPATH\Validation\Validation.php(182): CodeIgniter\Validation\Validation->processRules('email', 'email', 'admin@email.com', [...], [...])
 8 SYSTEMPATH\Controller.php(140): CodeIgniter\Validation\Validation->run()
 9 APPPATH\Controllers\user\AuthController.php(73): CodeIgniter\Controller->validate([...])
10 SYSTEMPATH\CodeIgniter.php(932): App\Controllers\User\AuthController->register()
11 SYSTEMPATH\CodeIgniter.php(497): CodeIgniter\CodeIgniter->runController(Object(App\Controllers\User\AuthController))
12 SYSTEMPATH\CodeIgniter.php(366): CodeIgniter\CodeIgniter->handleRequest(null, Object(Config\Cache), false)
13 FCPATH\index.php(67): CodeIgniter\CodeIgniter->run()
14 SYSTEMPATH\Commands\Server\rewrite.php(47): require_once('C:\\xampp\\htdocs\\new-peminjaman-ruangan\\public\\index.php')
ERROR - 2023-07-08 09:28:23 --> mysqli_sql_exception: Table 'peminjaman_ruangan.users' doesn't exist in C:\xampp\htdocs\new-peminjaman-ruangan\system\Database\MySQLi\Connection.php:295
Stack trace:
#0 C:\xampp\htdocs\new-peminjaman-ruangan\system\Database\MySQLi\Connection.php(295): mysqli->query('SELECT 1\nFROM `...', 0)
#1 C:\xampp\htdocs\new-peminjaman-ruangan\system\Database\BaseConnection.php(692): CodeIgniter\Database\MySQLi\Connection->execute('SELECT 1\nFROM `...')
#2 C:\xampp\htdocs\new-peminjaman-ruangan\system\Database\BaseConnection.php(606): CodeIgniter\Database\BaseConnection->simpleQuery('SELECT 1\nFROM `...')
#3 C:\xampp\htdocs\new-peminjaman-ruangan\system\Database\BaseBuilder.php(1616): CodeIgniter\Database\BaseConnection->query('SELECT 1\nFROM `...', Array, false)
#4 C:\xampp\htdocs\new-peminjaman-ruangan\system\Validation\StrictRules\Rules.php(206): CodeIgniter\Database\BaseBuilder->get()
#5 C:\xampp\htdocs\new-peminjaman-ruangan\system\Validation\Validation.php(278): CodeIgniter\Validation\StrictRules\Rules->is_unique('admin@email.com', 'email', Array, NULL, 'email')
#6 C:\xampp\htdocs\new-peminjaman-ruangan\system\Validation\Validation.php(182): CodeIgniter\Validation\Validation->processRules('email', 'email', 'admin@email.com', Array, Array)
#7 C:\xampp\htdocs\new-peminjaman-ruangan\system\Controller.php(140): CodeIgniter\Validation\Validation->run()
#8 C:\xampp\htdocs\new-peminjaman-ruangan\app\Controllers\user\AuthController.php(73): CodeIgniter\Controller->validate(Array)
#9 C:\xampp\htdocs\new-peminjaman-ruangan\system\CodeIgniter.php(932): App\Controllers\User\AuthController->register()
#10 C:\xampp\htdocs\new-peminjaman-ruangan\system\CodeIgniter.php(497): CodeIgniter\CodeIgniter->runController(Object(App\Controllers\User\AuthController))
#11 C:\xampp\htdocs\new-peminjaman-ruangan\system\CodeIgniter.php(366): CodeIgniter\CodeIgniter->handleRequest(NULL, Object(Config\Cache), false)
#12 C:\xampp\htdocs\new-peminjaman-ruangan\public\index.php(67): CodeIgniter\CodeIgniter->run()
#13 C:\xampp\htdocs\new-peminjaman-ruangan\system\Commands\Server\rewrite.php(47): require_once('C:\\xampp\\htdocs...')
#14 {main}
CRITICAL - 2023-07-08 09:28:23 --> Table 'peminjaman_ruangan.users' doesn't exist
in SYSTEMPATH\Database\MySQLi\Connection.php on line 295.
 1 SYSTEMPATH\Database\MySQLi\Connection.php(295): mysqli->query('SELECT 1
FROM `users`
WHERE `email` = \'admin@email.com\'
 LIMIT 1', 0)
 2 SYSTEMPATH\Database\BaseConnection.php(692): CodeIgniter\Database\MySQLi\Connection->execute('SELECT 1
FROM `users`
WHERE `email` = \'admin@email.com\'
 LIMIT 1')
 3 SYSTEMPATH\Database\BaseConnection.php(606): CodeIgniter\Database\BaseConnection->simpleQuery('SELECT 1
FROM `users`
WHERE `email` = \'admin@email.com\'
 LIMIT 1')
 4 SYSTEMPATH\Database\BaseBuilder.php(1616): CodeIgniter\Database\BaseConnection->query('SELECT 1
FROM `users`
WHERE `email` = :email:
 LIMIT 1', [...], false)
 5 SYSTEMPATH\Validation\StrictRules\Rules.php(206): CodeIgniter\Database\BaseBuilder->get()
 6 SYSTEMPATH\Validation\Validation.php(278): CodeIgniter\Validation\StrictRules\Rules->is_unique('admin@email.com', 'email', [...], null, 'email')
 7 SYSTEMPATH\Validation\Validation.php(182): CodeIgniter\Validation\Validation->processRules('email', 'email', 'admin@email.com', [...], [...])
 8 SYSTEMPATH\Controller.php(140): CodeIgniter\Validation\Validation->run()
 9 APPPATH\Controllers\user\AuthController.php(73): CodeIgniter\Controller->validate([...])
10 SYSTEMPATH\CodeIgniter.php(932): App\Controllers\User\AuthController->register()
11 SYSTEMPATH\CodeIgniter.php(497): CodeIgniter\CodeIgniter->runController(Object(App\Controllers\User\AuthController))
12 SYSTEMPATH\CodeIgniter.php(366): CodeIgniter\CodeIgniter->handleRequest(null, Object(Config\Cache), false)
13 FCPATH\index.php(67): CodeIgniter\CodeIgniter->run()
14 SYSTEMPATH\Commands\Server\rewrite.php(47): require_once('C:\\xampp\\htdocs\\new-peminjaman-ruangan\\public\\index.php')
INFO - 2023-07-08 09:29:52 --> Session: Class initialized using 'CodeIgniter\Session\Handlers\FileHandler' driver.
INFO - 2023-07-08 09:29:54 --> Session: Class initialized using 'CodeIgniter\Session\Handlers\FileHandler' driver.
INFO - 2023-07-08 09:29:58 --> Session: Class initialized using 'CodeIgniter\Session\Handlers\FileHandler' driver.
INFO - 2023-07-08 09:30:24 --> Session: Class initialized using 'CodeIgniter\Session\Handlers\FileHandler' driver.
ERROR - 2023-07-08 09:30:38 --> mysqli_sql_exception: Table 'peminjaman_ruangan.users' doesn't exist in C:\xampp\htdocs\new-peminjaman-ruangan\system\Database\MySQLi\Connection.php:295
Stack trace:
#0 C:\xampp\htdocs\new-peminjaman-ruangan\system\Database\MySQLi\Connection.php(295): mysqli->query('SELECT 1\nFROM `...', 0)
#1 C:\xampp\htdocs\new-peminjaman-ruangan\system\Database\BaseConnection.php(692): CodeIgniter\Database\MySQLi\Connection->execute('SELECT 1\nFROM `...')
#2 C:\xampp\htdocs\new-peminjaman-ruangan\system\Database\BaseConnection.php(606): CodeIgniter\Database\BaseConnection->simpleQuery('SELECT 1\nFROM `...')
#3 C:\xampp\htdocs\new-peminjaman-ruangan\system\Database\BaseBuilder.php(1616): CodeIgniter\Database\BaseConnection->query('SELECT 1\nFROM `...', Array, false)
#4 C:\xampp\htdocs\new-peminjaman-ruangan\system\Validation\StrictRules\Rules.php(206): CodeIgniter\Database\BaseBuilder->get()
#5 C:\xampp\htdocs\new-peminjaman-ruangan\system\Validation\Validation.php(278): CodeIgniter\Validation\StrictRules\Rules->is_unique('admin@email.com', 'email', Array, NULL, 'email')
#6 C:\xampp\htdocs\new-peminjaman-ruangan\system\Validation\Validation.php(182): CodeIgniter\Validation\Validation->processRules('email', 'email', 'admin@email.com', Array, Array)
#7 C:\xampp\htdocs\new-peminjaman-ruangan\system\Controller.php(140): CodeIgniter\Validation\Validation->run()
#8 C:\xampp\htdocs\new-peminjaman-ruangan\app\Controllers\user\AuthController.php(73): CodeIgniter\Controller->validate(Array)
#9 C:\xampp\htdocs\new-peminjaman-ruangan\system\CodeIgniter.php(932): App\Controllers\User\AuthController->register()
#10 C:\xampp\htdocs\new-peminjaman-ruangan\system\CodeIgniter.php(497): CodeIgniter\CodeIgniter->runController(Object(App\Controllers\User\AuthController))
#11 C:\xampp\htdocs\new-peminjaman-ruangan\system\CodeIgniter.php(366): CodeIgniter\CodeIgniter->handleRequest(NULL, Object(Config\Cache), false)
#12 C:\xampp\htdocs\new-peminjaman-ruangan\public\index.php(67): CodeIgniter\CodeIgniter->run()
#13 C:\xampp\htdocs\new-peminjaman-ruangan\system\Commands\Server\rewrite.php(47): require_once('C:\\xampp\\htdocs...')
#14 {main}
CRITICAL - 2023-07-08 09:30:38 --> Table 'peminjaman_ruangan.users' doesn't exist
in SYSTEMPATH\Database\MySQLi\Connection.php on line 295.
 1 SYSTEMPATH\Database\MySQLi\Connection.php(295): mysqli->query('SELECT 1
FROM `users`
WHERE `email` = \'admin@email.com\'
 LIMIT 1', 0)
 2 SYSTEMPATH\Database\BaseConnection.php(692): CodeIgniter\Database\MySQLi\Connection->execute('SELECT 1
FROM `users`
WHERE `email` = \'admin@email.com\'
 LIMIT 1')
 3 SYSTEMPATH\Database\BaseConnection.php(606): CodeIgniter\Database\BaseConnection->simpleQuery('SELECT 1
FROM `users`
WHERE `email` = \'admin@email.com\'
 LIMIT 1')
 4 SYSTEMPATH\Database\BaseBuilder.php(1616): CodeIgniter\Database\BaseConnection->query('SELECT 1
FROM `users`
WHERE `email` = :email:
 LIMIT 1', [...], false)
 5 SYSTEMPATH\Validation\StrictRules\Rules.php(206): CodeIgniter\Database\BaseBuilder->get()
 6 SYSTEMPATH\Validation\Validation.php(278): CodeIgniter\Validation\StrictRules\Rules->is_unique('admin@email.com', 'email', [...], null, 'email')
 7 SYSTEMPATH\Validation\Validation.php(182): CodeIgniter\Validation\Validation->processRules('email', 'email', 'admin@email.com', [...], [...])
 8 SYSTEMPATH\Controller.php(140): CodeIgniter\Validation\Validation->run()
 9 APPPATH\Controllers\user\AuthController.php(73): CodeIgniter\Controller->validate([...])
10 SYSTEMPATH\CodeIgniter.php(932): App\Controllers\User\AuthController->register()
11 SYSTEMPATH\CodeIgniter.php(497): CodeIgniter\CodeIgniter->runController(Object(App\Controllers\User\AuthController))
12 SYSTEMPATH\CodeIgniter.php(366): CodeIgniter\CodeIgniter->handleRequest(null, Object(Config\Cache), false)
13 FCPATH\index.php(67): CodeIgniter\CodeIgniter->run()
14 SYSTEMPATH\Commands\Server\rewrite.php(47): require_once('C:\\xampp\\htdocs\\new-peminjaman-ruangan\\public\\index.php')
ERROR - 2023-07-08 09:32:59 --> mysqli_sql_exception: Table 'peminjaman_ruangan.users' doesn't exist in C:\xampp\htdocs\new-peminjaman-ruangan\system\Database\MySQLi\Connection.php:295
Stack trace:
#0 C:\xampp\htdocs\new-peminjaman-ruangan\system\Database\MySQLi\Connection.php(295): mysqli->query('SELECT 1\nFROM `...', 0)
#1 C:\xampp\htdocs\new-peminjaman-ruangan\system\Database\BaseConnection.php(692): CodeIgniter\Database\MySQLi\Connection->execute('SELECT 1\nFROM `...')
#2 C:\xampp\htdocs\new-peminjaman-ruangan\system\Database\BaseConnection.php(606): CodeIgniter\Database\BaseConnection->simpleQuery('SELECT 1\nFROM `...')
#3 C:\xampp\htdocs\new-peminjaman-ruangan\system\Database\BaseBuilder.php(1616): CodeIgniter\Database\BaseConnection->query('SELECT 1\nFROM `...', Array, false)
#4 C:\xampp\htdocs\new-peminjaman-ruangan\system\Validation\StrictRules\Rules.php(206): CodeIgniter\Database\BaseBuilder->get()
#5 C:\xampp\htdocs\new-peminjaman-ruangan\system\Validation\Validation.php(278): CodeIgniter\Validation\StrictRules\Rules->is_unique('admin@email.com', 'email', Array, NULL, 'email')
#6 C:\xampp\htdocs\new-peminjaman-ruangan\system\Validation\Validation.php(182): CodeIgniter\Validation\Validation->processRules('email', 'email', 'admin@email.com', Array, Array)
#7 C:\xampp\htdocs\new-peminjaman-ruangan\system\Controller.php(140): CodeIgniter\Validation\Validation->run()
#8 C:\xampp\htdocs\new-peminjaman-ruangan\app\Controllers\user\AuthController.php(73): CodeIgniter\Controller->validate(Array)
#9 C:\xampp\htdocs\new-peminjaman-ruangan\system\CodeIgniter.php(932): App\Controllers\User\AuthController->register()
#10 C:\xampp\htdocs\new-peminjaman-ruangan\system\CodeIgniter.php(497): CodeIgniter\CodeIgniter->runController(Object(App\Controllers\User\AuthController))
#11 C:\xampp\htdocs\new-peminjaman-ruangan\system\CodeIgniter.php(366): CodeIgniter\CodeIgniter->handleRequest(NULL, Object(Config\Cache), false)
#12 C:\xampp\htdocs\new-peminjaman-ruangan\public\index.php(67): CodeIgniter\CodeIgniter->run()
#13 C:\xampp\htdocs\new-peminjaman-ruangan\system\Commands\Server\rewrite.php(47): require_once('C:\\xampp\\htdocs...')
#14 {main}
CRITICAL - 2023-07-08 09:32:59 --> Table 'peminjaman_ruangan.users' doesn't exist
in SYSTEMPATH\Database\MySQLi\Connection.php on line 295.
 1 SYSTEMPATH\Database\MySQLi\Connection.php(295): mysqli->query('SELECT 1
FROM `users`
WHERE `email` = \'admin@email.com\'
 LIMIT 1', 0)
 2 SYSTEMPATH\Database\BaseConnection.php(692): CodeIgniter\Database\MySQLi\Connection->execute('SELECT 1
FROM `users`
WHERE `email` = \'admin@email.com\'
 LIMIT 1')
 3 SYSTEMPATH\Database\BaseConnection.php(606): CodeIgniter\Database\BaseConnection->simpleQuery('SELECT 1
FROM `users`
WHERE `email` = \'admin@email.com\'
 LIMIT 1')
 4 SYSTEMPATH\Database\BaseBuilder.php(1616): CodeIgniter\Database\BaseConnection->query('SELECT 1
FROM `users`
WHERE `email` = :email:
 LIMIT 1', [...], false)
 5 SYSTEMPATH\Validation\StrictRules\Rules.php(206): CodeIgniter\Database\BaseBuilder->get()
 6 SYSTEMPATH\Validation\Validation.php(278): CodeIgniter\Validation\StrictRules\Rules->is_unique('admin@email.com', 'email', [...], null, 'email')
 7 SYSTEMPATH\Validation\Validation.php(182): CodeIgniter\Validation\Validation->processRules('email', 'email', 'admin@email.com', [...], [...])
 8 SYSTEMPATH\Controller.php(140): CodeIgniter\Validation\Validation->run()
 9 APPPATH\Controllers\user\AuthController.php(73): CodeIgniter\Controller->validate([...])
10 SYSTEMPATH\CodeIgniter.php(932): App\Controllers\User\AuthController->register()
11 SYSTEMPATH\CodeIgniter.php(497): CodeIgniter\CodeIgniter->runController(Object(App\Controllers\User\AuthController))
12 SYSTEMPATH\CodeIgniter.php(366): CodeIgniter\CodeIgniter->handleRequest(null, Object(Config\Cache), false)
13 FCPATH\index.php(67): CodeIgniter\CodeIgniter->run()
14 SYSTEMPATH\Commands\Server\rewrite.php(47): require_once('C:\\xampp\\htdocs\\new-peminjaman-ruangan\\public\\index.php')
INFO - 2023-07-08 09:34:05 --> Session: Class initialized using 'CodeIgniter\Session\Handlers\FileHandler' driver.
INFO - 2023-07-08 09:35:15 --> Session: Class initialized using 'CodeIgniter\Session\Handlers\FileHandler' driver.
INFO - 2023-07-08 09:36:23 --> Session: Class initialized using 'CodeIgniter\Session\Handlers\FileHandler' driver.
INFO - 2023-07-08 09:36:28 --> Session: Class initialized using 'CodeIgniter\Session\Handlers\FileHandler' driver.
CRITICAL - 2023-07-08 09:36:28 --> Array to string conversion
in APPPATH\Views\User\login.php on line 30.
 1 APPPATH\Views\User\login.php(30): CodeIgniter\Debug\Exceptions->errorHandler(2, 'Array to string conversion', 'C:\\xampp\\htdocs\\new-peminjaman-ruangan\\app\\Views\\User\\login.php', 30)
 2 SYSTEMPATH\View\View.php(224): include('C:\\xampp\\htdocs\\new-peminjaman-ruangan\\app\\Views\\User\\login.php')
 3 SYSTEMPATH\View\View.php(227): CodeIgniter\View\View->CodeIgniter\View\{closure}()
 4 SYSTEMPATH\Common.php(1180): CodeIgniter\View\View->render('user/login', [], true)
 5 APPPATH\Controllers\user\AuthController.php(31): view('user/login')
 6 SYSTEMPATH\CodeIgniter.php(932): App\Controllers\User\AuthController->login()
 7 SYSTEMPATH\CodeIgniter.php(497): CodeIgniter\CodeIgniter->runController(Object(App\Controllers\User\AuthController))
 8 SYSTEMPATH\CodeIgniter.php(366): CodeIgniter\CodeIgniter->handleRequest(null, Object(Config\Cache), false)
 9 FCPATH\index.php(67): CodeIgniter\CodeIgniter->run()
10 SYSTEMPATH\Commands\Server\rewrite.php(47): require_once('C:\\xampp\\htdocs\\new-peminjaman-ruangan\\public\\index.php')
INFO - 2023-07-08 09:39:20 --> Session: Class initialized using 'CodeIgniter\Session\Handlers\FileHandler' driver.
INFO - 2023-07-08 09:39:25 --> Session: Class initialized using 'CodeIgniter\Session\Handlers\FileHandler' driver.
INFO - 2023-07-08 09:39:25 --> Session: Class initialized using 'CodeIgniter\Session\Handlers\FileHandler' driver.
INFO - 2023-07-08 09:39:47 --> Session: Class initialized using 'CodeIgniter\Session\Handlers\FileHandler' driver.
INFO - 2023-07-08 09:39:47 --> Session: Class initialized using 'CodeIgniter\Session\Handlers\FileHandler' driver.
INFO - 2023-07-08 09:40:18 --> Session: Class initialized using 'CodeIgniter\Session\Handlers\FileHandler' driver.
INFO - 2023-07-08 09:40:18 --> Session: Class initialized using 'CodeIgniter\Session\Handlers\FileHandler' driver.
INFO - 2023-07-08 09:40:32 --> Session: Class initialized using 'CodeIgniter\Session\Handlers\FileHandler' driver.
INFO - 2023-07-08 09:40:32 --> Session: Class initialized using 'CodeIgniter\Session\Handlers\FileHandler' driver.
INFO - 2023-07-08 09:40:42 --> Session: Class initialized using 'CodeIgniter\Session\Handlers\FileHandler' driver.
INFO - 2023-07-08 09:40:42 --> Session: Class initialized using 'CodeIgniter\Session\Handlers\FileHandler' driver.
INFO - 2023-07-08 09:41:42 --> Session: Class initialized using 'CodeIgniter\Session\Handlers\FileHandler' driver.
INFO - 2023-07-08 09:41:43 --> Session: Class initialized using 'CodeIgniter\Session\Handlers\FileHandler' driver.
INFO - 2023-07-08 09:58:56 --> Session: Class initialized using 'CodeIgniter\Session\Handlers\FileHandler' driver.
INFO - 2023-07-08 09:58:57 --> Session: Class initialized using 'CodeIgniter\Session\Handlers\FileHandler' driver.
INFO - 2023-07-08 09:59:44 --> Session: Class initialized using 'CodeIgniter\Session\Handlers\FileHandler' driver.
INFO - 2023-07-08 09:59:47 --> Session: Class initialized using 'CodeIgniter\Session\Handlers\FileHandler' driver.
INFO - 2023-07-08 09:59:47 --> Session: Class initialized using 'CodeIgniter\Session\Handlers\FileHandler' driver.
INFO - 2023-07-08 10:00:34 --> Session: Class initialized using 'CodeIgniter\Session\Handlers\FileHandler' driver.
INFO - 2023-07-08 10:00:37 --> Session: Class initialized using 'CodeIgniter\Session\Handlers\FileHandler' driver.
INFO - 2023-07-08 10:00:37 --> Session: Class initialized using 'CodeIgniter\Session\Handlers\FileHandler' driver.
INFO - 2023-07-08 10:01:38 --> Session: Class initialized using 'CodeIgniter\Session\Handlers\FileHandler' driver.
INFO - 2023-07-08 10:01:40 --> Session: Class initialized using 'CodeIgniter\Session\Handlers\FileHandler' driver.
INFO - 2023-07-08 10:01:40 --> Session: Class initialized using 'CodeIgniter\Session\Handlers\FileHandler' driver.
INFO - 2023-07-08 10:03:05 --> Session: Class initialized using 'CodeIgniter\Session\Handlers\FileHandler' driver.
INFO - 2023-07-08 10:03:07 --> Session: Class initialized using 'CodeIgniter\Session\Handlers\FileHandler' driver.
INFO - 2023-07-08 10:03:10 --> Session: Class initialized using 'CodeIgniter\Session\Handlers\FileHandler' driver.
INFO - 2023-07-08 10:03:10 --> Session: Class initialized using 'CodeIgniter\Session\Handlers\FileHandler' driver.
INFO - 2023-07-08 10:03:37 --> Session: Class initialized using 'CodeIgniter\Session\Handlers\FileHandler' driver.
INFO - 2023-07-08 10:03:38 --> Session: Class initialized using 'CodeIgniter\Session\Handlers\FileHandler' driver.
INFO - 2023-07-08 10:03:41 --> Session: Class initialized using 'CodeIgniter\Session\Handlers\FileHandler' driver.
INFO - 2023-07-08 10:03:44 --> Session: Class initialized using 'CodeIgniter\Session\Handlers\FileHandler' driver.
INFO - 2023-07-08 10:03:45 --> Session: Class initialized using 'CodeIgniter\Session\Handlers\FileHandler' driver.
INFO - 2023-07-08 10:04:14 --> Session: Class initialized using 'CodeIgniter\Session\Handlers\FileHandler' driver.
INFO - 2023-07-08 10:04:18 --> Session: Class initialized using 'CodeIgniter\Session\Handlers\FileHandler' driver.
INFO - 2023-07-08 10:04:20 --> Session: Class initialized using 'CodeIgniter\Session\Handlers\FileHandler' driver.
INFO - 2023-07-08 10:04:21 --> Session: Class initialized using 'CodeIgniter\Session\Handlers\FileHandler' driver.
INFO - 2023-07-08 10:05:09 --> Session: Class initialized using 'CodeIgniter\Session\Handlers\FileHandler' driver.
INFO - 2023-07-08 10:05:10 --> Session: Class initialized using 'CodeIgniter\Session\Handlers\FileHandler' driver.
INFO - 2023-07-08 10:05:11 --> Session: Class initialized using 'CodeIgniter\Session\Handlers\FileHandler' driver.
CRITICAL - 2023-07-08 10:11:24 --> Invalid file: "dashboarduser/home.php"
in SYSTEMPATH\Exceptions\FrameworkException.php on line 33.
 1 SYSTEMPATH\View\View.php(212): CodeIgniter\Exceptions\FrameworkException::forInvalidFile('dashboarduser/home.php')
 2 SYSTEMPATH\Common.php(1180): CodeIgniter\View\View->render('dashboarduser/home', [], true)
 3 APPPATH\Controllers\user\UserDashboardController.php(12): view('dashboarduser/home')
 4 SYSTEMPATH\CodeIgniter.php(932): App\Controllers\User\UserDashboardController->home()
 5 SYSTEMPATH\CodeIgniter.php(497): CodeIgniter\CodeIgniter->runController(Object(App\Controllers\User\UserDashboardController))
 6 SYSTEMPATH\CodeIgniter.php(366): CodeIgniter\CodeIgniter->handleRequest(null, Object(Config\Cache), false)
 7 FCPATH\index.php(67): CodeIgniter\CodeIgniter->run()
 8 SYSTEMPATH\Commands\Server\rewrite.php(47): require_once('C:\\xampp\\htdocs\\new-peminjaman-ruangan\\public\\index.php')
CRITICAL - 2023-07-08 10:12:16 --> Invalid file: "dashboarduser/home.php"
in SYSTEMPATH\Exceptions\FrameworkException.php on line 33.
 1 SYSTEMPATH\View\View.php(212): CodeIgniter\Exceptions\FrameworkException::forInvalidFile('dashboarduser/home.php')
 2 SYSTEMPATH\Common.php(1180): CodeIgniter\View\View->render('dashboarduser/home', [], true)
 3 APPPATH\Controllers\user\UserDashboardController.php(12): view('dashboarduser/home')
 4 SYSTEMPATH\CodeIgniter.php(932): App\Controllers\User\UserDashboardController->home()
 5 SYSTEMPATH\CodeIgniter.php(497): CodeIgniter\CodeIgniter->runController(Object(App\Controllers\User\UserDashboardController))
 6 SYSTEMPATH\CodeIgniter.php(366): CodeIgniter\CodeIgniter->handleRequest(null, Object(Config\Cache), false)
 7 FCPATH\index.php(67): CodeIgniter\CodeIgniter->run()
 8 SYSTEMPATH\Commands\Server\rewrite.php(47): require_once('C:\\xampp\\htdocs\\new-peminjaman-ruangan\\public\\index.php')
CRITICAL - 2023-07-08 10:12:24 --> Invalid file: "dashboarduser/home.php"
in SYSTEMPATH\Exceptions\FrameworkException.php on line 33.
 1 SYSTEMPATH\View\View.php(212): CodeIgniter\Exceptions\FrameworkException::forInvalidFile('dashboarduser/home.php')
 2 SYSTEMPATH\Common.php(1180): CodeIgniter\View\View->render('dashboarduser/home', [], true)
 3 APPPATH\Controllers\user\UserDashboardController.php(12): view('dashboarduser/home')
 4 SYSTEMPATH\CodeIgniter.php(932): App\Controllers\User\UserDashboardController->home()
 5 SYSTEMPATH\CodeIgniter.php(497): CodeIgniter\CodeIgniter->runController(Object(App\Controllers\User\UserDashboardController))
 6 SYSTEMPATH\CodeIgniter.php(366): CodeIgniter\CodeIgniter->handleRequest(null, Object(Config\Cache), false)
 7 FCPATH\index.php(67): CodeIgniter\CodeIgniter->run()
 8 SYSTEMPATH\Commands\Server\rewrite.php(47): require_once('C:\\xampp\\htdocs\\new-peminjaman-ruangan\\public\\index.php')
CRITICAL - 2023-07-08 10:34:55 --> include(): http:// wrapper is disabled in the server configuration by allow_url_include=0
in APPPATH\Views\User\dashboard1.php on line 26.
 1 APPPATH\Views\User\dashboard1.php(26): CodeIgniter\Debug\Exceptions->errorHandler(2, 'include(): http:// wrapper is disabled in the server configuration by allow_url_include=0', 'C:\\xampp\\htdocs\\new-peminjaman-ruangan\\app\\Views\\User\\dashboard1.php', 26)
 2 APPPATH\Views\User\dashboard1.php(26): include()
 3 SYSTEMPATH\View\View.php(224): include('C:\\xampp\\htdocs\\new-peminjaman-ruangan\\app\\Views\\User\\dashboard1.php')
 4 SYSTEMPATH\View\View.php(227): CodeIgniter\View\View->CodeIgniter\View\{closure}()
 5 SYSTEMPATH\Common.php(1180): CodeIgniter\View\View->render('user/dashboard1', [], true)
 6 APPPATH\Controllers\user\UserDashboardController.php(15): view('user/dashboard1', [...])
 7 SYSTEMPATH\CodeIgniter.php(932): App\Controllers\User\UserDashboardController->home()
 8 SYSTEMPATH\CodeIgniter.php(497): CodeIgniter\CodeIgniter->runController(Object(App\Controllers\User\UserDashboardController))
 9 SYSTEMPATH\CodeIgniter.php(366): CodeIgniter\CodeIgniter->handleRequest(null, Object(Config\Cache), false)
10 FCPATH\index.php(67): CodeIgniter\CodeIgniter->run()
11 SYSTEMPATH\Commands\Server\rewrite.php(47): require_once('C:\\xampp\\htdocs\\new-peminjaman-ruangan\\public\\index.php')
CRITICAL - 2023-07-08 10:35:34 --> include(template/sidebar.php): Failed to open stream: No such file or directory
in APPPATH\Views\User\dashboard1.php on line 26.
 1 APPPATH\Views\User\dashboard1.php(26): CodeIgniter\Debug\Exceptions->errorHandler(2, 'include(template/sidebar.php): Failed to open stream: No such file or directory', 'C:\\xampp\\htdocs\\new-peminjaman-ruangan\\app\\Views\\User\\dashboard1.php', 26)
 2 APPPATH\Views\User\dashboard1.php(26): include()
 3 SYSTEMPATH\View\View.php(224): include('C:\\xampp\\htdocs\\new-peminjaman-ruangan\\app\\Views\\User\\dashboard1.php')
 4 SYSTEMPATH\View\View.php(227): CodeIgniter\View\View->CodeIgniter\View\{closure}()
 5 SYSTEMPATH\Common.php(1180): CodeIgniter\View\View->render('user/dashboard1', [], true)
 6 APPPATH\Controllers\user\UserDashboardController.php(15): view('user/dashboard1', [...])
 7 SYSTEMPATH\CodeIgniter.php(932): App\Controllers\User\UserDashboardController->home()
 8 SYSTEMPATH\CodeIgniter.php(497): CodeIgniter\CodeIgniter->runController(Object(App\Controllers\User\UserDashboardController))
 9 SYSTEMPATH\CodeIgniter.php(366): CodeIgniter\CodeIgniter->handleRequest(null, Object(Config\Cache), false)
10 FCPATH\index.php(67): CodeIgniter\CodeIgniter->run()
11 SYSTEMPATH\Commands\Server\rewrite.php(47): require_once('C:\\xampp\\htdocs\\new-peminjaman-ruangan\\public\\index.php')
CRITICAL - 2023-07-08 10:35:48 --> include(): http:// wrapper is disabled in the server configuration by allow_url_include=0
in APPPATH\Views\User\dashboard1.php on line 26.
 1 APPPATH\Views\User\dashboard1.php(26): CodeIgniter\Debug\Exceptions->errorHandler(2, 'include(): http:// wrapper is disabled in the server configuration by allow_url_include=0', 'C:\\xampp\\htdocs\\new-peminjaman-ruangan\\app\\Views\\User\\dashboard1.php', 26)
 2 APPPATH\Views\User\dashboard1.php(26): include()
 3 SYSTEMPATH\View\View.php(224): include('C:\\xampp\\htdocs\\new-peminjaman-ruangan\\app\\Views\\User\\dashboard1.php')
 4 SYSTEMPATH\View\View.php(227): CodeIgniter\View\View->CodeIgniter\View\{closure}()
 5 SYSTEMPATH\Common.php(1180): CodeIgniter\View\View->render('user/dashboard1', [], true)
 6 APPPATH\Controllers\user\UserDashboardController.php(15): view('user/dashboard1', [...])
 7 SYSTEMPATH\CodeIgniter.php(932): App\Controllers\User\UserDashboardController->home()
 8 SYSTEMPATH\CodeIgniter.php(497): CodeIgniter\CodeIgniter->runController(Object(App\Controllers\User\UserDashboardController))
 9 SYSTEMPATH\CodeIgniter.php(366): CodeIgniter\CodeIgniter->handleRequest(null, Object(Config\Cache), false)
10 FCPATH\index.php(67): CodeIgniter\CodeIgniter->run()
11 SYSTEMPATH\Commands\Server\rewrite.php(47): require_once('C:\\xampp\\htdocs\\new-peminjaman-ruangan\\public\\index.php')
CRITICAL - 2023-07-08 10:36:32 --> include(../template/sidebar.php): Failed to open stream: No such file or directory
in APPPATH\Views\User\dashboard1.php on line 26.
 1 APPPATH\Views\User\dashboard1.php(26): CodeIgniter\Debug\Exceptions->errorHandler(2, 'include(../template/sidebar.php): Failed to open stream: No such file or directory', 'C:\\xampp\\htdocs\\new-peminjaman-ruangan\\app\\Views\\User\\dashboard1.php', 26)
 2 APPPATH\Views\User\dashboard1.php(26): include()
 3 SYSTEMPATH\View\View.php(224): include('C:\\xampp\\htdocs\\new-peminjaman-ruangan\\app\\Views\\User\\dashboard1.php')
 4 SYSTEMPATH\View\View.php(227): CodeIgniter\View\View->CodeIgniter\View\{closure}()
 5 SYSTEMPATH\Common.php(1180): CodeIgniter\View\View->render('user/dashboard1', [], true)
 6 APPPATH\Controllers\user\UserDashboardController.php(15): view('user/dashboard1', [...])
 7 SYSTEMPATH\CodeIgniter.php(932): App\Controllers\User\UserDashboardController->home()
 8 SYSTEMPATH\CodeIgniter.php(497): CodeIgniter\CodeIgniter->runController(Object(App\Controllers\User\UserDashboardController))
 9 SYSTEMPATH\CodeIgniter.php(366): CodeIgniter\CodeIgniter->handleRequest(null, Object(Config\Cache), false)
10 FCPATH\index.php(67): CodeIgniter\CodeIgniter->run()
11 SYSTEMPATH\Commands\Server\rewrite.php(47): require_once('C:\\xampp\\htdocs\\new-peminjaman-ruangan\\public\\index.php')
CRITICAL - 2023-07-08 10:36:44 --> require(../template/sidebar.php): Failed to open stream: No such file or directory
in APPPATH\Views\User\dashboard1.php on line 26.
 1 APPPATH\Views\User\dashboard1.php(26): CodeIgniter\Debug\Exceptions->errorHandler(2, 'require(../template/sidebar.php): Failed to open stream: No such file or directory', 'C:\\xampp\\htdocs\\new-peminjaman-ruangan\\app\\Views\\User\\dashboard1.php', 26)
 2 APPPATH\Views\User\dashboard1.php(26): require()
 3 SYSTEMPATH\View\View.php(224): include('C:\\xampp\\htdocs\\new-peminjaman-ruangan\\app\\Views\\User\\dashboard1.php')
 4 SYSTEMPATH\View\View.php(227): CodeIgniter\View\View->CodeIgniter\View\{closure}()
 5 SYSTEMPATH\Common.php(1180): CodeIgniter\View\View->render('user/dashboard1', [], true)
 6 APPPATH\Controllers\user\UserDashboardController.php(15): view('user/dashboard1', [...])
 7 SYSTEMPATH\CodeIgniter.php(932): App\Controllers\User\UserDashboardController->home()
 8 SYSTEMPATH\CodeIgniter.php(497): CodeIgniter\CodeIgniter->runController(Object(App\Controllers\User\UserDashboardController))
 9 SYSTEMPATH\CodeIgniter.php(366): CodeIgniter\CodeIgniter->handleRequest(null, Object(Config\Cache), false)
10 FCPATH\index.php(67): CodeIgniter\CodeIgniter->run()
11 SYSTEMPATH\Commands\Server\rewrite.php(47): require_once('C:\\xampp\\htdocs\\new-peminjaman-ruangan\\public\\index.php')
CRITICAL - 2023-07-08 10:36:57 --> require_once(../template/sidebar.php): Failed to open stream: No such file or directory
in APPPATH\Views\User\dashboard1.php on line 26.
 1 APPPATH\Views\User\dashboard1.php(26): CodeIgniter\Debug\Exceptions->errorHandler(2, 'require_once(../template/sidebar.php): Failed to open stream: No such file or directory', 'C:\\xampp\\htdocs\\new-peminjaman-ruangan\\app\\Views\\User\\dashboard1.php', 26)
 2 APPPATH\Views\User\dashboard1.php(26): require_once()
 3 SYSTEMPATH\View\View.php(224): include('C:\\xampp\\htdocs\\new-peminjaman-ruangan\\app\\Views\\User\\dashboard1.php')
 4 SYSTEMPATH\View\View.php(227): CodeIgniter\View\View->CodeIgniter\View\{closure}()
 5 SYSTEMPATH\Common.php(1180): CodeIgniter\View\View->render('user/dashboard1', [], true)
 6 APPPATH\Controllers\user\UserDashboardController.php(15): view('user/dashboard1', [...])
 7 SYSTEMPATH\CodeIgniter.php(932): App\Controllers\User\UserDashboardController->home()
 8 SYSTEMPATH\CodeIgniter.php(497): CodeIgniter\CodeIgniter->runController(Object(App\Controllers\User\UserDashboardController))
 9 SYSTEMPATH\CodeIgniter.php(366): CodeIgniter\CodeIgniter->handleRequest(null, Object(Config\Cache), false)
10 FCPATH\index.php(67): CodeIgniter\CodeIgniter->run()
11 SYSTEMPATH\Commands\Server\rewrite.php(47): require_once('C:\\xampp\\htdocs\\new-peminjaman-ruangan\\public\\index.php')
CRITICAL - 2023-07-08 10:38:08 --> include(../template/sidebar.php): Failed to open stream: No such file or directory
in APPPATH\Views\User\dashboard1.php on line 26.
 1 APPPATH\Views\User\dashboard1.php(26): CodeIgniter\Debug\Exceptions->errorHandler(2, 'include(../template/sidebar.php): Failed to open stream: No such file or directory', 'C:\\xampp\\htdocs\\new-peminjaman-ruangan\\app\\Views\\User\\dashboard1.php', 26)
 2 APPPATH\Views\User\dashboard1.php(26): include()
 3 SYSTEMPATH\View\View.php(224): include('C:\\xampp\\htdocs\\new-peminjaman-ruangan\\app\\Views\\User\\dashboard1.php')
 4 SYSTEMPATH\View\View.php(227): CodeIgniter\View\View->CodeIgniter\View\{closure}()
 5 SYSTEMPATH\Common.php(1180): CodeIgniter\View\View->render('user/dashboard1', [], true)
 6 APPPATH\Controllers\user\UserDashboardController.php(15): view('user/dashboard1', [...])
 7 SYSTEMPATH\CodeIgniter.php(932): App\Controllers\User\UserDashboardController->home()
 8 SYSTEMPATH\CodeIgniter.php(497): CodeIgniter\CodeIgniter->runController(Object(App\Controllers\User\UserDashboardController))
 9 SYSTEMPATH\CodeIgniter.php(366): CodeIgniter\CodeIgniter->handleRequest(null, Object(Config\Cache), false)
10 FCPATH\index.php(67): CodeIgniter\CodeIgniter->run()
11 SYSTEMPATH\Commands\Server\rewrite.php(47): require_once('C:\\xampp\\htdocs\\new-peminjaman-ruangan\\public\\index.php')
CRITICAL - 2023-07-08 10:38:11 --> include(../template/sidebar.php): Failed to open stream: No such file or directory
in APPPATH\Views\User\dashboard1.php on line 26.
 1 APPPATH\Views\User\dashboard1.php(26): CodeIgniter\Debug\Exceptions->errorHandler(2, 'include(../template/sidebar.php): Failed to open stream: No such file or directory', 'C:\\xampp\\htdocs\\new-peminjaman-ruangan\\app\\Views\\User\\dashboard1.php', 26)
 2 APPPATH\Views\User\dashboard1.php(26): include()
 3 SYSTEMPATH\View\View.php(224): include('C:\\xampp\\htdocs\\new-peminjaman-ruangan\\app\\Views\\User\\dashboard1.php')
 4 SYSTEMPATH\View\View.php(227): CodeIgniter\View\View->CodeIgniter\View\{closure}()
 5 SYSTEMPATH\Common.php(1180): CodeIgniter\View\View->render('user/dashboard1', [], true)
 6 APPPATH\Controllers\user\UserDashboardController.php(15): view('user/dashboard1', [...])
 7 SYSTEMPATH\CodeIgniter.php(932): App\Controllers\User\UserDashboardController->home()
 8 SYSTEMPATH\CodeIgniter.php(497): CodeIgniter\CodeIgniter->runController(Object(App\Controllers\User\UserDashboardController))
 9 SYSTEMPATH\CodeIgniter.php(366): CodeIgniter\CodeIgniter->handleRequest(null, Object(Config\Cache), false)
10 FCPATH\index.php(67): CodeIgniter\CodeIgniter->run()
11 SYSTEMPATH\Commands\Server\rewrite.php(47): require_once('C:\\xampp\\htdocs\\new-peminjaman-ruangan\\public\\index.php')
CRITICAL - 2023-07-08 10:39:31 --> include(../template/sidebar.php): Failed to open stream: No such file or directory
in APPPATH\Views\User\dashboard1.php on line 26.
 1 APPPATH\Views\User\dashboard1.php(26): CodeIgniter\Debug\Exceptions->errorHandler(2, 'include(../template/sidebar.php): Failed to open stream: No such file or directory', 'C:\\xampp\\htdocs\\new-peminjaman-ruangan\\app\\Views\\User\\dashboard1.php', 26)
 2 APPPATH\Views\User\dashboard1.php(26): include()
 3 SYSTEMPATH\View\View.php(224): include('C:\\xampp\\htdocs\\new-peminjaman-ruangan\\app\\Views\\User\\dashboard1.php')
 4 SYSTEMPATH\View\View.php(227): CodeIgniter\View\View->CodeIgniter\View\{closure}()
 5 SYSTEMPATH\Common.php(1180): CodeIgniter\View\View->render('user/dashboard1', [], true)
 6 APPPATH\Controllers\user\UserDashboardController.php(15): view('user/dashboard1', [...])
 7 SYSTEMPATH\CodeIgniter.php(932): App\Controllers\User\UserDashboardController->home()
 8 SYSTEMPATH\CodeIgniter.php(497): CodeIgniter\CodeIgniter->runController(Object(App\Controllers\User\UserDashboardController))
 9 SYSTEMPATH\CodeIgniter.php(366): CodeIgniter\CodeIgniter->handleRequest(null, Object(Config\Cache), false)
10 FCPATH\index.php(67): CodeIgniter\CodeIgniter->run()
11 SYSTEMPATH\Commands\Server\rewrite.php(47): require_once('C:\\xampp\\htdocs\\new-peminjaman-ruangan\\public\\index.php')
CRITICAL - 2023-07-08 10:39:52 --> include(): http:// wrapper is disabled in the server configuration by allow_url_include=0
in APPPATH\Views\User\dashboard1.php on line 26.
 1 APPPATH\Views\User\dashboard1.php(26): CodeIgniter\Debug\Exceptions->errorHandler(2, 'include(): http:// wrapper is disabled in the server configuration by allow_url_include=0', 'C:\\xampp\\htdocs\\new-peminjaman-ruangan\\app\\Views\\User\\dashboard1.php', 26)
 2 APPPATH\Views\User\dashboard1.php(26): include()
 3 SYSTEMPATH\View\View.php(224): include('C:\\xampp\\htdocs\\new-peminjaman-ruangan\\app\\Views\\User\\dashboard1.php')
 4 SYSTEMPATH\View\View.php(227): CodeIgniter\View\View->CodeIgniter\View\{closure}()
 5 SYSTEMPATH\Common.php(1180): CodeIgniter\View\View->render('user/dashboard1', [], true)
 6 APPPATH\Controllers\user\UserDashboardController.php(15): view('user/dashboard1', [...])
 7 SYSTEMPATH\CodeIgniter.php(932): App\Controllers\User\UserDashboardController->home()
 8 SYSTEMPATH\CodeIgniter.php(497): CodeIgniter\CodeIgniter->runController(Object(App\Controllers\User\UserDashboardController))
 9 SYSTEMPATH\CodeIgniter.php(366): CodeIgniter\CodeIgniter->handleRequest(null, Object(Config\Cache), false)
10 FCPATH\index.php(67): CodeIgniter\CodeIgniter->run()
11 SYSTEMPATH\Commands\Server\rewrite.php(47): require_once('C:\\xampp\\htdocs\\new-peminjaman-ruangan\\public\\index.php')
CRITICAL - 2023-07-08 10:41:58 --> include(/template/sidebar.php): Failed to open stream: No such file or directory
in APPPATH\Views\User\dashboard1.php on line 26.
 1 APPPATH\Views\User\dashboard1.php(26): CodeIgniter\Debug\Exceptions->errorHandler(2, 'include(/template/sidebar.php): Failed to open stream: No such file or directory', 'C:\\xampp\\htdocs\\new-peminjaman-ruangan\\app\\Views\\User\\dashboard1.php', 26)
 2 APPPATH\Views\User\dashboard1.php(26): include()
 3 SYSTEMPATH\View\View.php(224): include('C:\\xampp\\htdocs\\new-peminjaman-ruangan\\app\\Views\\User\\dashboard1.php')
 4 SYSTEMPATH\View\View.php(227): CodeIgniter\View\View->CodeIgniter\View\{closure}()
 5 SYSTEMPATH\Common.php(1180): CodeIgniter\View\View->render('user/dashboard1', [], true)
 6 APPPATH\Controllers\user\UserDashboardController.php(15): view('user/dashboard1', [...])
 7 SYSTEMPATH\CodeIgniter.php(932): App\Controllers\User\UserDashboardController->home()
 8 SYSTEMPATH\CodeIgniter.php(497): CodeIgniter\CodeIgniter->runController(Object(App\Controllers\User\UserDashboardController))
 9 SYSTEMPATH\CodeIgniter.php(366): CodeIgniter\CodeIgniter->handleRequest(null, Object(Config\Cache), false)
10 FCPATH\index.php(67): CodeIgniter\CodeIgniter->run()
11 SYSTEMPATH\Commands\Server\rewrite.php(47): require_once('C:\\xampp\\htdocs\\new-peminjaman-ruangan\\public\\index.php')
INFO - 2023-07-08 13:29:57 --> Session: Class initialized using 'CodeIgniter\Session\Handlers\FileHandler' driver.
INFO - 2023-07-08 13:30:00 --> Session: Class initialized using 'CodeIgniter\Session\Handlers\FileHandler' driver.
CRITICAL - 2023-07-08 13:40:23 --> "user_auth" filter must have a matching alias defined.
in SYSTEMPATH\Filters\Filters.php on line 340.
 1 SYSTEMPATH\Filters\Filters.php(340): CodeIgniter\Filters\Exceptions\FilterException::forNoAlias('user_auth')
 2 SYSTEMPATH\CodeIgniter.php(464): CodeIgniter\Filters\Filters->enableFilter('user_auth', 'before')
 3 SYSTEMPATH\CodeIgniter.php(366): CodeIgniter\CodeIgniter->handleRequest(null, Object(Config\Cache), false)
 4 FCPATH\index.php(67): CodeIgniter\CodeIgniter->run()
 5 SYSTEMPATH\Commands\Server\rewrite.php(47): require_once('C:\\xampp\\htdocs\\new-peminjaman-ruangan\\public\\index.php')
INFO - 2023-07-08 14:15:22 --> Session: Class initialized using 'CodeIgniter\Session\Handlers\FileHandler' driver.
INFO - 2023-07-08 14:15:25 --> Session: Class initialized using 'CodeIgniter\Session\Handlers\FileHandler' driver.
INFO - 2023-07-08 14:15:25 --> Session: Class initialized using 'CodeIgniter\Session\Handlers\FileHandler' driver.
INFO - 2023-07-08 14:16:42 --> Session: Class initialized using 'CodeIgniter\Session\Handlers\FileHandler' driver.
INFO - 2023-07-08 14:16:43 --> Session: Class initialized using 'CodeIgniter\Session\Handlers\FileHandler' driver.
INFO - 2023-07-08 14:16:44 --> Session: Class initialized using 'CodeIgniter\Session\Handlers\FileHandler' driver.
INFO - 2023-07-08 14:16:46 --> Session: Class initialized using 'CodeIgniter\Session\Handlers\FileHandler' driver.
INFO - 2023-07-08 14:16:47 --> Session: Class initialized using 'CodeIgniter\Session\Handlers\FileHandler' driver.
INFO - 2023-07-08 14:17:15 --> Session: Class initialized using 'CodeIgniter\Session\Handlers\FileHandler' driver.
INFO - 2023-07-08 14:17:16 --> Session: Class initialized using 'CodeIgniter\Session\Handlers\FileHandler' driver.
INFO - 2023-07-08 14:17:29 --> Session: Class initialized using 'CodeIgniter\Session\Handlers\FileHandler' driver.
INFO - 2023-07-08 14:17:29 --> Session: Class initialized using 'CodeIgniter\Session\Handlers\FileHandler' driver.
INFO - 2023-07-08 14:17:31 --> Session: Class initialized using 'CodeIgniter\Session\Handlers\FileHandler' driver.
INFO - 2023-07-08 14:17:37 --> Session: Class initialized using 'CodeIgniter\Session\Handlers\FileHandler' driver.
INFO - 2023-07-08 14:17:49 --> Session: Class initialized using 'CodeIgniter\Session\Handlers\FileHandler' driver.
CRITICAL - 2023-07-08 14:18:19 --> Too few arguments to function CodeIgniter\Router\RouteCollection::setDefaultController(), 0 passed in C:\xampp\htdocs\new-peminjaman-ruangan\app\Config\Routes.php on line 14 and exactly 1 expected
in SYSTEMPATH\Router\RouteCollection.php on line 358.
 1 APPPATH\Config\Routes.php(14): CodeIgniter\Router\RouteCollection->setDefaultController()
 2 SYSTEMPATH\Router\RouteCollection.php(267): require('C:\\xampp\\htdocs\\new-peminjaman-ruangan\\app\\Config\\Routes.php')
 3 SYSTEMPATH\CodeIgniter.php(800): CodeIgniter\Router\RouteCollection->loadRoutes()
 4 SYSTEMPATH\CodeIgniter.php(447): CodeIgniter\CodeIgniter->tryToRouteIt(null)
 5 SYSTEMPATH\CodeIgniter.php(366): CodeIgniter\CodeIgniter->handleRequest(null, Object(Config\Cache), false)
 6 FCPATH\index.php(67): CodeIgniter\CodeIgniter->run()
 7 SYSTEMPATH\Commands\Server\rewrite.php(47): require_once('C:\\xampp\\htdocs\\new-peminjaman-ruangan\\public\\index.php')
CRITICAL - 2023-07-08 14:18:20 --> Too few arguments to function CodeIgniter\Router\RouteCollection::setDefaultController(), 0 passed in C:\xampp\htdocs\new-peminjaman-ruangan\app\Config\Routes.php on line 14 and exactly 1 expected
in SYSTEMPATH\Router\RouteCollection.php on line 358.
 1 APPPATH\Config\Routes.php(14): CodeIgniter\Router\RouteCollection->setDefaultController()
 2 SYSTEMPATH\Router\RouteCollection.php(267): require('C:\\xampp\\htdocs\\new-peminjaman-ruangan\\app\\Config\\Routes.php')
 3 SYSTEMPATH\CodeIgniter.php(800): CodeIgniter\Router\RouteCollection->loadRoutes()
 4 SYSTEMPATH\CodeIgniter.php(447): CodeIgniter\CodeIgniter->tryToRouteIt(null)
 5 SYSTEMPATH\CodeIgniter.php(366): CodeIgniter\CodeIgniter->handleRequest(null, Object(Config\Cache), false)
 6 FCPATH\index.php(67): CodeIgniter\CodeIgniter->run()
 7 SYSTEMPATH\Commands\Server\rewrite.php(47): require_once('C:\\xampp\\htdocs\\new-peminjaman-ruangan\\public\\index.php')
CRITICAL - 2023-07-08 14:18:22 --> Too few arguments to function CodeIgniter\Router\RouteCollection::setDefaultController(), 0 passed in C:\xampp\htdocs\new-peminjaman-ruangan\app\Config\Routes.php on line 14 and exactly 1 expected
in SYSTEMPATH\Router\RouteCollection.php on line 358.
 1 APPPATH\Config\Routes.php(14): CodeIgniter\Router\RouteCollection->setDefaultController()
 2 SYSTEMPATH\Router\RouteCollection.php(267): require('C:\\xampp\\htdocs\\new-peminjaman-ruangan\\app\\Config\\Routes.php')
 3 SYSTEMPATH\CodeIgniter.php(800): CodeIgniter\Router\RouteCollection->loadRoutes()
 4 SYSTEMPATH\CodeIgniter.php(447): CodeIgniter\CodeIgniter->tryToRouteIt(null)
 5 SYSTEMPATH\CodeIgniter.php(366): CodeIgniter\CodeIgniter->handleRequest(null, Object(Config\Cache), false)
 6 FCPATH\index.php(67): CodeIgniter\CodeIgniter->run()
 7 SYSTEMPATH\Commands\Server\rewrite.php(47): require_once('C:\\xampp\\htdocs\\new-peminjaman-ruangan\\public\\index.php')
CRITICAL - 2023-07-08 14:18:30 --> Too few arguments to function CodeIgniter\Router\RouteCollection::setDefaultController(), 0 passed in C:\xampp\htdocs\new-peminjaman-ruangan\app\Config\Routes.php on line 14 and exactly 1 expected
in SYSTEMPATH\Router\RouteCollection.php on line 358.
 1 APPPATH\Config\Routes.php(14): CodeIgniter\Router\RouteCollection->setDefaultController()
 2 SYSTEMPATH\Router\RouteCollection.php(267): require('C:\\xampp\\htdocs\\new-peminjaman-ruangan\\app\\Config\\Routes.php')
 3 SYSTEMPATH\CodeIgniter.php(800): CodeIgniter\Router\RouteCollection->loadRoutes()
 4 SYSTEMPATH\CodeIgniter.php(447): CodeIgniter\CodeIgniter->tryToRouteIt(null)
 5 SYSTEMPATH\CodeIgniter.php(366): CodeIgniter\CodeIgniter->handleRequest(null, Object(Config\Cache), false)
 6 FCPATH\index.php(67): CodeIgniter\CodeIgniter->run()
 7 SYSTEMPATH\Commands\Server\rewrite.php(47): require_once('C:\\xampp\\htdocs\\new-peminjaman-ruangan\\public\\index.php')
INFO - 2023-07-08 14:18:45 --> Session: Class initialized using 'CodeIgniter\Session\Handlers\FileHandler' driver.
INFO - 2023-07-08 14:18:48 --> Session: Class initialized using 'CodeIgniter\Session\Handlers\FileHandler' driver.
INFO - 2023-07-08 14:18:48 --> Session: Class initialized using 'CodeIgniter\Session\Handlers\FileHandler' driver.
